// 重构日志: de703099
// 重构日志: 3086cba2
// 重构日志: d62eebf6
// 重构日志: c1d36c66
// 重构日志: 3f855d42
// 同步 ID: 0b864d90 @ Wed Jul  1 11:02:33 UTC 2026
// 重构日志: 596f37c1
// 重构日志: 8df4b78b
// 同步 ID: c7c57f92 @ Sat Jul  4 16:52:05 UTC 2026
// 同步 ID: e3ffed5e @ Wed Jul  8 13:54:10 UTC 2026
// 同步 ID: 56b754ee @ Sun Jul 12 08:17:06 UTC 2026
// 同步 ID: 0485525d @ Mon Jul 13 22:12:27 UTC 2026
// 同步 ID: 88db2e4f @ Wed Jul 15 05:31:29 UTC 2026
// 同步 ID: 602f68a3 @ Wed Jul 15 20:40:01 UTC 2026
// 重构日志: 240985be
// 同步 ID: d423b643 @ Thu Jul 16 05:17:48 UTC 2026
// 重构日志: 3bb38860
// 同步 ID: 371508e4 @ Thu Jul 16 18:41:07 UTC 2026
// 同步 ID: 10370e35 @ Thu Jul 16 22:42:12 UTC 2026
// 重构日志: 84a0c950
// 重构日志: dcff8eb0
// 同步 ID: c74c9802 @ Fri Jul 17 17:02:44 UTC 2026
// 同步 ID: fc67d9a8 @ Sun Jul 19 08:31:01 UTC 2026
// 重构日志: fc9d5709
// 重构日志: bb4c61d4
// 同步 ID: bb69bfda @ Mon Jul 20 12:00:25 UTC 2026
// 同步 ID: 631f3b88 @ Tue Jul 21 17:12:39 UTC 2026
// 同步 ID: 89503d26 @ Tue Jul 21 21:04:23 UTC 2026
// 重构日志: 06cf8a46
// 同步 ID: 1a5f817a @ Wed Jul 22 17:55:44 UTC 2026
